Applying initial Veeam configuration...
Create db connection
Configure network manager
Prepare firewalld
Accept licenses
  AcceptThirdPartyLicense
  AcceptVeeamLicense
Modifying chrony config
Sync chrony time
Init hardcoded users
  Setup veeam admin
  Setup veeam so
[TBD] Configuring VDC connector
1/0 
[TBD] Configuring VDC connector
1/0 
Finish state integration
1/12 Marking as configured.
6/12 Initializing ISO
8/12 Restarting service veeam-updater
10/12 VBR ctl operation: Start
Start veeamhostmanager
Success!!!
Applying license file...
[33;1mWARNING: The names of some imported commands from the module 'Veeam.Backup.PowerShell' include unapproved verbs that might make them less discoverable. To find the commands with unapproved verbs, run the Import-Module command again with the Verbose parameter. For a list of approved verbs, type Get-Verb.[0m
License
file
applied
successfully
Configuring SO backup password
[INFO] Starting Veeam VSA automation
[INFO] Retrieving local IP address
[INFO] VSA URL: https://192.168.1.169:10443
[INFO] Generating TOTP code
[INFO] TOTP code generated
[INFO] Step 1/4: Authentication
[INFO] Authentication successful
[INFO] Step 2/4: Configuration check
[INFO] Configuration verified
[INFO] Step 3/4: Add password
[INFO] Password added successfully
[INFO] Step 4/4: Final verification
[INFO] Final verification successful
[INFO] Step 5/5: Create current configuration password
[INFO] Current configuration password created successfully
[INFO] Process completed successfully
[INFO] Cleanup in progress
[INFO] Cleaning up temporary files
[INFO] Cookie jar deleted
[INFO] Script self-destruction in 2 seconds
[INFO] Script deleted with shred
OK : Configuration SO password set
Restoring configuration...
Veeam.Backup.Configuration.UnattendedRestore Version 13.0.0.4967
Copyright (C) 2006-2025 Veeam Software Group GmbH

Starting configuration restore in unattended mode at 10/28/2025 6:47:46 PM

Loading unattended config /var/lib/veeam/unattended.xml...
Loading backup repositories list...
Processing configuration backup file...
Analyzing configuration backup file...
Processing connection to database...
Analyzing connection to database...
Connecting to /run/postgresql...
Checking database server version...
Checking database server requirements...
Checking user rights...
Checking database availability...
Checking database compatibility level...
Checking database content...
Checking database lock...
Checking database compatibility...

Query:
Database VeeamBackup is Veeam Backup and Replication configuration database. If you continue, current database contents will be lost. Proceed?
[Yes] [No]
Answer: Yes (OVERWRITE_EXISTING_DATABASE unattended option)

Stopping all Veeam services and processes...
Analyzing orchestrator service...
Looking for active orchestrated tasks...
Analyzing Veeam Backup and Replication installation...
Analyzing Veeam Backup Enterprise Manager installation...
Analyzing Veeam Backup Catalog installation...
Analyzing AWS Plug-in for Veeam Backup and Replication installation...
Analyzing Microsoft Azure Plug-in for Veeam Backup and Replication installation...
Analyzing Nutanix AHV Plug-in for Veeam Backup and Replication installation...
Analyzing Kasten K10 Plug-in for Veeam Backup & Replication installation...
Analyzing PVE Plug-in for Veeam Backup and Replication installation...
Analyzing running applications...

Query:
The following Veeam services are running:

Veeam AWS Service
Veeam Backup REST API Service
Veeam Backup Service
Veeam Broker Service
Veeam Catalog Service
Veeam CDP Coordinator Service
Veeam Cloud Connect
Veeam Data Analyzer Service
Veeam Identity Service
Veeam Kubernetes Service
Veeam Microsoft Azure Platform Service
Veeam Mount Service
Veeam Nutanix AHV Platform Service
Veeam Proxmox Virtual Environment Platform Service
Veeam Threat Hunter
Veeam Web Service

We need to stop them for now. This may take a moment. Continue?
[Yes] [No]
Answer: Yes (STOP_PROCESSES unattended option)

Preparing to stop Veeam Identity Service...
Preparing to stop Veeam Web Service...
Preparing to stop Veeam Data Analyzer Service...
Preparing to stop Veeam CDP Coordinator Service...
Preparing to stop Veeam Backup REST API Service...
Preparing to stop Veeam Mount Service...
Preparing to stop Veeam Broker Service...
Preparing to stop Veeam Cloud Connect...
Preparing to stop Veeam Backup Service...
Preparing to stop Veeam Catalog Service...
Preparing to stop Veeam Threat Hunter...
Preparing to stop Veeam AWS Service...
Preparing to stop Veeam Microsoft Azure Platform Service...
Preparing to stop Veeam Nutanix AHV Platform Service...
Preparing to stop Veeam Kubernetes Service...
Preparing to stop Veeam Proxmox Virtual Environment Platform Service...
Configuration restore started at 10/28/2025 6:48:14 PM
Configuration restore mode: restore
Backup file path: /var/lib/veeam/backup/conftoresto.bco
Backup file size: 104.0 KB
Configuration is owned by Veeam Backup and Replication 13.0
Configuration version: 13.0.0.4967
Configuration platform: Software Appliance
Product version: 13.0.0.4967
Database server: PostgreSQL
Server name: /run/postgresql
Database name: VeeamBackup
Empty database: no
Restore session catalog: no
Restore backup catalog: yes
Restore tape catalog: no
Backup database: no
Checking open database connections
Analyzing configuration backup file
Checking configuration backup file
Cleaning up database
Deploying database
Restoring database
Processing configuration VeeamBackup at /run/postgresql
Analyzing database VeeamBackup
Decompressing configuration backup
Connecting to database VeeamBackup
Starting configuration catalog restore
Reading configuration backup
Restoring configuration catalog
Restoring backups catalog
Finalizing configuration catalog restore
Compacting database
Disabling all scheduled user jobs
Adding job sessions to the database...
Locking database VeeamBackup...
Analyzing restored configuration
Restoring backup server certificate
Saving configuration restore session
Configuration restore completed successfully
All backup infrastructure components are up to date
Starting all Veeam services...
Analyzing Veeam Backup and Replication installation...
Analyzing Veeam Backup Enterprise Manager installation...
Analyzing Veeam Backup Catalog installation...
Analyzing AWS Plug-in for Veeam Backup and Replication installation...
Analyzing Microsoft Azure Plug-in for Veeam Backup and Replication installation...
Analyzing Nutanix AHV Plug-in for Veeam Backup and Replication installation...
Analyzing Kasten K10 Plug-in for Veeam Backup & Replication installation...
Analyzing PVE Plug-in for Veeam Backup and Replication installation...
Preparing to start Veeam AWS Service...
Preparing to start Veeam Microsoft Azure Platform Service...
Preparing to start Veeam Nutanix AHV Platform Service...
Preparing to start Veeam Kubernetes Service...
Preparing to start Veeam Proxmox Virtual Environment Platform Service...
Preparing to start Veeam Threat Hunter...
Preparing to start Veeam Catalog Service...
Preparing to start Veeam Backup Service...
Preparing to start Veeam Cloud Connect...
Preparing to start Veeam Mount Service...
Preparing to start Veeam Broker Service...
Preparing to start Veeam Backup REST API Service...
Preparing to start Veeam CDP Coordinator Service...
Preparing to start Veeam Data Analyzer Service...
Preparing to start Veeam Web Service...
Preparing to launch the application...
Starting backup repositories and replica hosts rescan...

Configuration restore completed successfully at 10/28/2025 6:49:13 PM
OK : Configuration restored
Additional logs:
  - Password SO config: /var/log/veeam_addsoconfpw.log
  - Config restore: /var/log/veeam_configrestore.log
Cleaning up oathtool curl and rm unattended.xml veeam_addsoconfpw.sh ...
Dependencies resolved.
================================================================================
 Package           Architecture    Version                 Repository      Size
================================================================================
Removing:
 oathtool          x86_64          2.6.12-1.el9            @epel           90 k
Removing unused dependencies:
 liboath           x86_64          2.6.12-1.el9            @epel           94 k

Transaction Summary
================================================================================
Remove  2 Packages

Freed space: 183 k
Running transaction check
Transaction check succeeded.
Running transaction test
Transaction test succeeded.
Running transaction
  Preparing        :                                                        1/1 
  Erasing          : oathtool-2.6.12-1.el9.x86_64                           1/2 
  Erasing          : liboath-2.6.12-1.el9.x86_64                            2/2 
  Running scriptlet: liboath-2.6.12-1.el9.x86_64                            2/2 
  Verifying        : liboath-2.6.12-1.el9.x86_64                            1/2 
  Verifying        : oathtool-2.6.12-1.el9.x86_64                           2/2 
Installed products updated.

Removed:
  liboath-2.6.12-1.el9.x86_64            oathtool-2.6.12-1.el9.x86_64           

Complete!
16 files removed
Disabling veeam-init service...
Removed "/etc/systemd/system/multi-user.target.wants/veeam-init.service".
OK : Service disabled
===========================================
Veeam VSA Initialization Completed Successfully
===========================================
All logs consolidated in: /var/log/veeam_init.log
===========================================
